2021-01-08 17:47:14,739  :   INFO   :   Start of Single Predict from model.
2021-01-08 17:47:14,739  :   INFO   :   Run id is 2021-01-08_17.47.14_984492650
2021-01-08 17:47:14,740  :   INFO   :   Start of preprocessing predict.
2021-01-08 17:47:14,740  :   INFO   :   Starting of feature encoding
2021-01-08 17:47:14,748  :   INFO   :   End of feature encoding
2021-01-08 17:47:14,749  :   INFO   :   Starting drop columns
2021-01-08 17:47:14,751  :   INFO   :   End of dropping columns
2021-01-08 17:47:14,751  :   INFO   :   Starting to find missing values
2021-01-08 17:47:14,752  :   INFO   :   End of finding missing values.
2021-01-08 17:47:14,752  :   INFO   :   start of final predictset.
2021-01-08 17:47:14,763  :   INFO   :   End of building the final predictset.
2021-01-08 17:47:14,763  :   INFO   :   End of Preprocessing Predictset.
2021-01-08 17:47:14,764  :   INFO   :   Start of Load Model
2021-01-08 17:47:14,764  :   INFO   :   Model File kmeans loaded.
2021-01-08 17:47:14,764  :   INFO   :   End of Load Models
2021-01-08 17:47:14,770  :   INFO   :   fStarting to predict data within cluster {i}
2021-01-08 17:47:14,772  :   INFO   :   Start of finding Correct Model.
2021-01-08 17:47:14,772  :   INFO   :   End of Correct Model.
2021-01-08 17:47:14,772  :   INFO   :   Start of Load Model
2021-01-08 17:47:14,774  :   INFO   :   Model File XGBoost0 loaded.
2021-01-08 17:47:14,774  :   INFO   :   End of Load Models
2021-01-08 17:47:14,777  :   INFO   :   Prediction of label for cluster 0 successful. Prediction is: [0.]
2021-01-08 17:47:14,777  :   INFO   :   End of Single Predictions.
