2021-01-08 17:53:45,817  :   INFO   :   Start of Single Predict from model.
2021-01-08 17:53:45,817  :   INFO   :   Run id is 2021-01-08_17.53.45_156822755
2021-01-08 17:53:45,817  :   INFO   :   Start of preprocessing predict.
2021-01-08 17:53:45,817  :   INFO   :   Starting of feature encoding
2021-01-08 17:53:45,823  :   INFO   :   End of feature encoding
2021-01-08 17:53:45,824  :   INFO   :   Starting drop columns
2021-01-08 17:53:45,825  :   INFO   :   End of dropping columns
2021-01-08 17:53:45,825  :   INFO   :   Starting to find missing values
2021-01-08 17:53:45,825  :   INFO   :   End of finding missing values.
2021-01-08 17:53:45,826  :   INFO   :   start of final predictset.
2021-01-08 17:53:46,116  :   INFO   :   End of building the final predictset.
2021-01-08 17:53:46,116  :   INFO   :   End of Preprocessing Predictset.
2021-01-08 17:53:46,116  :   INFO   :   Start of Load Model
2021-01-08 17:53:46,117  :   INFO   :   Model File kmeans loaded.
2021-01-08 17:53:46,117  :   INFO   :   End of Load Models
2021-01-08 17:53:46,120  :   INFO   :   fStarting to predict data within cluster {i}
2021-01-08 17:53:46,123  :   INFO   :   Start of finding Correct Model.
2021-01-08 17:53:46,123  :   INFO   :   End of Correct Model.
2021-01-08 17:53:46,123  :   INFO   :   Start of Load Model
2021-01-08 17:53:46,160  :   INFO   :   Model File XGBoost0 loaded.
2021-01-08 17:53:46,160  :   INFO   :   End of Load Models
2021-01-08 17:53:46,163  :   INFO   :   Prediction of label for cluster 0 successful. Prediction is: [1.]
2021-01-08 17:53:46,163  :   INFO   :   End of Single Predictions.
