2021-01-08 17:47:01,573  :   INFO   :   Start of Single Predict from model.
2021-01-08 17:47:01,573  :   INFO   :   Run id is 2021-01-08_17.47.01_471728583
2021-01-08 17:47:01,573  :   INFO   :   Start of preprocessing predict.
2021-01-08 17:47:01,573  :   INFO   :   Starting of feature encoding
2021-01-08 17:47:01,577  :   INFO   :   End of feature encoding
2021-01-08 17:47:01,577  :   INFO   :   Starting drop columns
2021-01-08 17:47:01,578  :   INFO   :   End of dropping columns
2021-01-08 17:47:01,578  :   INFO   :   Starting to find missing values
2021-01-08 17:47:01,579  :   INFO   :   End of finding missing values.
2021-01-08 17:47:01,579  :   INFO   :   start of final predictset.
2021-01-08 17:47:01,585  :   INFO   :   End of building the final predictset.
2021-01-08 17:47:01,585  :   INFO   :   End of Preprocessing Predictset.
2021-01-08 17:47:01,585  :   INFO   :   Start of Load Model
2021-01-08 17:47:01,585  :   INFO   :   Model File kmeans loaded.
2021-01-08 17:47:01,585  :   INFO   :   End of Load Models
2021-01-08 17:47:01,589  :   INFO   :   fStarting to predict data within cluster {i}
2021-01-08 17:47:01,590  :   INFO   :   Start of finding Correct Model.
2021-01-08 17:47:01,590  :   INFO   :   End of Correct Model.
2021-01-08 17:47:01,590  :   INFO   :   Start of Load Model
2021-01-08 17:47:01,592  :   INFO   :   Model File XGBoost0 loaded.
2021-01-08 17:47:01,592  :   INFO   :   End of Load Models
2021-01-08 17:47:01,595  :   INFO   :   Prediction of label for cluster 0 successful. Prediction is: [0.]
2021-01-08 17:47:01,595  :   INFO   :   End of Single Predictions.
