2021-01-08 17:47:14,703  :   INFO   :   Start of Single Predict from model.
2021-01-08 17:47:14,703  :   INFO   :   Run id is 2021-01-08_17.47.14_415366480
2021-01-08 17:47:14,704  :   INFO   :   Start of preprocessing predict.
2021-01-08 17:47:14,704  :   INFO   :   Starting of feature encoding
2021-01-08 17:47:14,707  :   INFO   :   End of feature encoding
2021-01-08 17:47:14,707  :   INFO   :   Starting drop columns
2021-01-08 17:47:14,708  :   INFO   :   End of dropping columns
2021-01-08 17:47:14,708  :   INFO   :   Starting to find missing values
2021-01-08 17:47:14,709  :   INFO   :   End of finding missing values.
2021-01-08 17:47:14,709  :   INFO   :   start of final predictset.
2021-01-08 17:47:14,714  :   INFO   :   End of building the final predictset.
2021-01-08 17:47:14,714  :   INFO   :   End of Preprocessing Predictset.
2021-01-08 17:47:14,714  :   INFO   :   Start of Load Model
2021-01-08 17:47:14,714  :   INFO   :   Model File kmeans loaded.
2021-01-08 17:47:14,715  :   INFO   :   End of Load Models
2021-01-08 17:47:14,718  :   INFO   :   fStarting to predict data within cluster {i}
2021-01-08 17:47:14,719  :   INFO   :   Start of finding Correct Model.
2021-01-08 17:47:14,719  :   INFO   :   End of Correct Model.
2021-01-08 17:47:14,719  :   INFO   :   Start of Load Model
2021-01-08 17:47:14,722  :   INFO   :   Model File XGBoost0 loaded.
2021-01-08 17:47:14,722  :   INFO   :   End of Load Models
2021-01-08 17:47:14,725  :   INFO   :   Prediction of label for cluster 0 successful. Prediction is: [0.]
2021-01-08 17:47:14,725  :   INFO   :   End of Single Predictions.
