2021-01-08 17:49:40,631  :   INFO   :   Start of Single Predict from model.
2021-01-08 17:49:40,632  :   INFO   :   Run id is 2021-01-08_17.49.40_154659720
2021-01-08 17:49:40,632  :   INFO   :   Start of preprocessing predict.
2021-01-08 17:49:40,632  :   INFO   :   Starting of feature encoding
2021-01-08 17:49:40,637  :   INFO   :   End of feature encoding
2021-01-08 17:49:40,639  :   INFO   :   Starting drop columns
2021-01-08 17:49:40,640  :   INFO   :   End of dropping columns
2021-01-08 17:49:40,640  :   INFO   :   Starting to find missing values
2021-01-08 17:49:40,641  :   INFO   :   End of finding missing values.
2021-01-08 17:49:40,641  :   INFO   :   start of final predictset.
2021-01-08 17:49:40,648  :   INFO   :   End of building the final predictset.
2021-01-08 17:49:40,648  :   INFO   :   End of Preprocessing Predictset.
2021-01-08 17:49:40,648  :   INFO   :   Start of Load Model
2021-01-08 17:49:40,648  :   INFO   :   Model File kmeans loaded.
2021-01-08 17:49:40,648  :   INFO   :   End of Load Models
2021-01-08 17:49:40,652  :   INFO   :   fStarting to predict data within cluster {i}
2021-01-08 17:49:40,653  :   INFO   :   Start of finding Correct Model.
2021-01-08 17:49:40,653  :   INFO   :   End of Correct Model.
2021-01-08 17:49:40,653  :   INFO   :   Start of Load Model
2021-01-08 17:49:40,655  :   INFO   :   Model File XGBoost0 loaded.
2021-01-08 17:49:40,655  :   INFO   :   End of Load Models
2021-01-08 17:49:40,658  :   INFO   :   Prediction of label for cluster 0 successful. Prediction is: [1.]
2021-01-08 17:49:40,658  :   INFO   :   End of Single Predictions.
