2021-01-08 17:47:12,153  :   INFO   :   Start of Single Predict from model.
2021-01-08 17:47:12,153  :   INFO   :   Run id is 2021-01-08_17.47.12_763626540
2021-01-08 17:47:12,153  :   INFO   :   Start of preprocessing predict.
2021-01-08 17:47:12,153  :   INFO   :   Starting of feature encoding
2021-01-08 17:47:12,156  :   INFO   :   End of feature encoding
2021-01-08 17:47:12,157  :   INFO   :   Starting drop columns
2021-01-08 17:47:12,158  :   INFO   :   End of dropping columns
2021-01-08 17:47:12,158  :   INFO   :   Starting to find missing values
2021-01-08 17:47:12,159  :   INFO   :   End of finding missing values.
2021-01-08 17:47:12,159  :   INFO   :   start of final predictset.
2021-01-08 17:47:12,241  :   INFO   :   End of building the final predictset.
2021-01-08 17:47:12,242  :   INFO   :   End of Preprocessing Predictset.
2021-01-08 17:47:12,242  :   INFO   :   Start of Load Model
2021-01-08 17:47:12,242  :   INFO   :   Model File kmeans loaded.
2021-01-08 17:47:12,243  :   INFO   :   End of Load Models
2021-01-08 17:47:12,248  :   INFO   :   fStarting to predict data within cluster {i}
2021-01-08 17:47:12,250  :   INFO   :   Start of finding Correct Model.
2021-01-08 17:47:12,250  :   INFO   :   End of Correct Model.
2021-01-08 17:47:12,250  :   INFO   :   Start of Load Model
2021-01-08 17:47:12,253  :   INFO   :   Model File XGBoost0 loaded.
2021-01-08 17:47:12,253  :   INFO   :   End of Load Models
2021-01-08 17:47:12,256  :   INFO   :   Prediction of label for cluster 0 successful. Prediction is: [0.]
2021-01-08 17:47:12,257  :   INFO   :   End of Single Predictions.
