2021-01-08 17:47:45,253  :   INFO   :   Start of Single Predict from model.
2021-01-08 17:47:45,254  :   INFO   :   Run id is 2021-01-08_17.47.45_301485167
2021-01-08 17:47:45,254  :   INFO   :   Start of preprocessing predict.
2021-01-08 17:47:45,254  :   INFO   :   Starting of feature encoding
2021-01-08 17:47:45,257  :   INFO   :   End of feature encoding
2021-01-08 17:47:45,258  :   INFO   :   Starting drop columns
2021-01-08 17:47:45,259  :   INFO   :   End of dropping columns
2021-01-08 17:47:45,259  :   INFO   :   Starting to find missing values
2021-01-08 17:47:45,260  :   INFO   :   End of finding missing values.
2021-01-08 17:47:45,261  :   INFO   :   start of final predictset.
2021-01-08 17:47:45,269  :   INFO   :   End of building the final predictset.
2021-01-08 17:47:45,269  :   INFO   :   End of Preprocessing Predictset.
2021-01-08 17:47:45,269  :   INFO   :   Start of Load Model
2021-01-08 17:47:45,269  :   INFO   :   Model File kmeans loaded.
2021-01-08 17:47:45,269  :   INFO   :   End of Load Models
2021-01-08 17:47:45,273  :   INFO   :   fStarting to predict data within cluster {i}
2021-01-08 17:47:45,274  :   INFO   :   Start of finding Correct Model.
2021-01-08 17:47:45,275  :   INFO   :   End of Correct Model.
2021-01-08 17:47:45,275  :   INFO   :   Start of Load Model
2021-01-08 17:47:45,276  :   INFO   :   Model File XGBoost0 loaded.
2021-01-08 17:47:45,276  :   INFO   :   End of Load Models
2021-01-08 17:47:45,279  :   INFO   :   Prediction of label for cluster 0 successful. Prediction is: [0.]
2021-01-08 17:47:45,279  :   INFO   :   End of Single Predictions.
