2021-01-08 17:47:13,584  :   INFO   :   Start of Single Predict from model.
2021-01-08 17:47:13,584  :   INFO   :   Run id is 2021-01-08_17.47.13_266802538
2021-01-08 17:47:13,585  :   INFO   :   Start of preprocessing predict.
2021-01-08 17:47:13,585  :   INFO   :   Starting of feature encoding
2021-01-08 17:47:13,594  :   INFO   :   End of feature encoding
2021-01-08 17:47:13,596  :   INFO   :   Starting drop columns
2021-01-08 17:47:13,598  :   INFO   :   End of dropping columns
2021-01-08 17:47:13,598  :   INFO   :   Starting to find missing values
2021-01-08 17:47:13,600  :   INFO   :   End of finding missing values.
2021-01-08 17:47:13,600  :   INFO   :   start of final predictset.
2021-01-08 17:47:13,611  :   INFO   :   End of building the final predictset.
2021-01-08 17:47:13,611  :   INFO   :   End of Preprocessing Predictset.
2021-01-08 17:47:13,611  :   INFO   :   Start of Load Model
2021-01-08 17:47:13,611  :   INFO   :   Model File kmeans loaded.
2021-01-08 17:47:13,611  :   INFO   :   End of Load Models
2021-01-08 17:47:13,618  :   INFO   :   fStarting to predict data within cluster {i}
2021-01-08 17:47:13,619  :   INFO   :   Start of finding Correct Model.
2021-01-08 17:47:13,619  :   INFO   :   End of Correct Model.
2021-01-08 17:47:13,619  :   INFO   :   Start of Load Model
2021-01-08 17:47:13,621  :   INFO   :   Model File XGBoost0 loaded.
2021-01-08 17:47:13,621  :   INFO   :   End of Load Models
2021-01-08 17:47:13,624  :   INFO   :   Prediction of label for cluster 0 successful. Prediction is: [0.]
2021-01-08 17:47:13,624  :   INFO   :   End of Single Predictions.
