2021-01-08 17:47:13,546  :   INFO   :   Start of Single Predict from model.
2021-01-08 17:47:13,546  :   INFO   :   Run id is 2021-01-08_17.47.13_402434101
2021-01-08 17:47:13,546  :   INFO   :   Start of preprocessing predict.
2021-01-08 17:47:13,546  :   INFO   :   Starting of feature encoding
2021-01-08 17:47:13,549  :   INFO   :   End of feature encoding
2021-01-08 17:47:13,550  :   INFO   :   Starting drop columns
2021-01-08 17:47:13,551  :   INFO   :   End of dropping columns
2021-01-08 17:47:13,551  :   INFO   :   Starting to find missing values
2021-01-08 17:47:13,552  :   INFO   :   End of finding missing values.
2021-01-08 17:47:13,552  :   INFO   :   start of final predictset.
2021-01-08 17:47:13,557  :   INFO   :   End of building the final predictset.
2021-01-08 17:47:13,558  :   INFO   :   End of Preprocessing Predictset.
2021-01-08 17:47:13,558  :   INFO   :   Start of Load Model
2021-01-08 17:47:13,558  :   INFO   :   Model File kmeans loaded.
2021-01-08 17:47:13,558  :   INFO   :   End of Load Models
2021-01-08 17:47:13,561  :   INFO   :   fStarting to predict data within cluster {i}
2021-01-08 17:47:13,563  :   INFO   :   Start of finding Correct Model.
2021-01-08 17:47:13,563  :   INFO   :   End of Correct Model.
2021-01-08 17:47:13,563  :   INFO   :   Start of Load Model
2021-01-08 17:47:13,565  :   INFO   :   Model File XGBoost0 loaded.
2021-01-08 17:47:13,565  :   INFO   :   End of Load Models
2021-01-08 17:47:13,568  :   INFO   :   Prediction of label for cluster 0 successful. Prediction is: [0.]
2021-01-08 17:47:13,568  :   INFO   :   End of Single Predictions.
